2021-06-04 17:42:51,112 [1] INFO  Photon.NameServer.PhotonApp - Initializing ...
2021-06-04 17:42:51,126 [1] INFO  Photon.NameServer.PhotonApp - ServicePointManager.DefaultConnectionLimit=2147483647
2021-06-04 17:42:51,141 [1] INFO  Photon.NameServer.PhotonApp - TokenCreator initialized with an expiration of 00:30:00
2021-06-04 17:42:52,303 [1] INFO  Photon.Common.Authentication.Diagnostic.CustomAuthResultCounters - Performance counters successfully initialized: instanceName=LoadBalancing_Custom
2021-06-04 17:42:52,420 [1] INFO  Photon.SocketServer.Diagnostics.HttpQueuePerformanceCounters - Performance counters successfully initialized: instanceName=_Total
2021-06-04 17:42:52,528 [1] INFO  Photon.SocketServer.Diagnostics.HttpQueuePerformanceCounters - Performance counters successfully initialized: instanceName=LoadBalancing_Custom
2021-06-04 17:42:52,641 [1] INFO  Photon.Common.Authentication.Diagnostic.CustomAuthResultCounters - Performance counters successfully initialized: instanceName=LoadBalancing_Facebook
2021-06-04 17:42:52,746 [1] INFO  Photon.SocketServer.Diagnostics.HttpQueuePerformanceCounters - Performance counters successfully initialized: instanceName=LoadBalancing_Facebook
2021-06-04 17:42:52,856 [1] INFO  Photon.Common.Authentication.Diagnostic.CustomAuthResultCounters - Performance counters successfully initialized: instanceName=LoadBalancing_Oculus
2021-06-04 17:42:52,965 [1] INFO  Photon.SocketServer.Diagnostics.HttpQueuePerformanceCounters - Performance counters successfully initialized: instanceName=LoadBalancing_Oculus
2021-06-04 17:42:53,074 [1] INFO  Photon.Common.Authentication.Diagnostic.CustomAuthResultCounters - Performance counters successfully initialized: instanceName=LoadBalancing_Steam
2021-06-04 17:42:53,182 [1] INFO  Photon.SocketServer.Diagnostics.HttpQueuePerformanceCounters - Performance counters successfully initialized: instanceName=LoadBalancing_Steam
2021-06-04 17:42:53,292 [1] INFO  Photon.Common.Authentication.Diagnostic.CustomAuthResultCounters - Performance counters successfully initialized: instanceName=LoadBalancing_Viveport
2021-06-04 17:42:53,400 [1] INFO  Photon.SocketServer.Diagnostics.HttpQueuePerformanceCounters - Performance counters successfully initialized: instanceName=LoadBalancing_Viveport
2021-06-04 17:42:53,511 [1] INFO  Photon.SocketServer.ApplicationBase - Application start: AppId=NameServer; AppPath=E:\external_projects\purple-team\photon-server-sdk_v5-0-12-24499-rc1\deploy\NameServer, Type=Photon.NameServer.PhotonApp 
2021-06-04 17:42:53,511 [1] INFO  Photon.SocketServer.ApplicationBase - Using Server GC:True
2021-06-04 17:42:53,512 [1] INFO  Photon.SocketServer.ApplicationBase - Using GC LatencyMode:Interactive
2021-06-04 17:43:22,367 [23] INFO  Photon.NameServer.PhotonApp - Parsed NameServer config successfully. PhotonApp
2021-06-04 17:43:30,738 [29] INFO  Photon.NameServer.PhotonApp - Parsed NameServer config successfully. PhotonApp
2021-06-04 17:44:45,538 [23] INFO  Photon.NameServer.PhotonApp - Parsed NameServer config successfully. PhotonApp
2021-06-04 17:44:58,993 [1] INFO  Photon.SocketServer.ApplicationBase - Application is stopping: AppId=NameServer
2021-06-04 17:44:59,003 [1] INFO  Photon.SocketServer.ApplicationBase - Application stop: AppId=NameServer
2021-06-04 17:45:19,894 [1] INFO  Photon.NameServer.PhotonApp - Initializing ...
2021-06-04 17:45:19,906 [1] INFO  Photon.NameServer.PhotonApp - ServicePointManager.DefaultConnectionLimit=2147483647
2021-06-04 17:45:19,916 [1] INFO  Photon.NameServer.PhotonApp - TokenCreator initialized with an expiration of 00:30:00
2021-06-04 17:45:20,891 [1] INFO  Photon.Common.Authentication.Diagnostic.CustomAuthResultCounters - Performance counters successfully initialized: instanceName=LoadBalancing_Custom
2021-06-04 17:45:20,994 [1] INFO  Photon.SocketServer.Diagnostics.HttpQueuePerformanceCounters - Performance counters successfully initialized: instanceName=_Total
2021-06-04 17:45:21,103 [1] INFO  Photon.SocketServer.Diagnostics.HttpQueuePerformanceCounters - Performance counters successfully initialized: instanceName=LoadBalancing_Custom
2021-06-04 17:45:21,216 [1] INFO  Photon.Common.Authentication.Diagnostic.CustomAuthResultCounters - Performance counters successfully initialized: instanceName=LoadBalancing_Facebook
2021-06-04 17:45:21,324 [1] INFO  Photon.SocketServer.Diagnostics.HttpQueuePerformanceCounters - Performance counters successfully initialized: instanceName=LoadBalancing_Facebook
2021-06-04 17:45:21,432 [1] INFO  Photon.Common.Authentication.Diagnostic.CustomAuthResultCounters - Performance counters successfully initialized: instanceName=LoadBalancing_Oculus
2021-06-04 17:45:21,543 [1] INFO  Photon.SocketServer.Diagnostics.HttpQueuePerformanceCounters - Performance counters successfully initialized: instanceName=LoadBalancing_Oculus
2021-06-04 17:45:21,653 [1] INFO  Photon.Common.Authentication.Diagnostic.CustomAuthResultCounters - Performance counters successfully initialized: instanceName=LoadBalancing_Steam
2021-06-04 17:45:21,762 [1] INFO  Photon.SocketServer.Diagnostics.HttpQueuePerformanceCounters - Performance counters successfully initialized: instanceName=LoadBalancing_Steam
2021-06-04 17:45:21,871 [1] INFO  Photon.Common.Authentication.Diagnostic.CustomAuthResultCounters - Performance counters successfully initialized: instanceName=LoadBalancing_Viveport
2021-06-04 17:45:21,981 [1] INFO  Photon.SocketServer.Diagnostics.HttpQueuePerformanceCounters - Performance counters successfully initialized: instanceName=LoadBalancing_Viveport
2021-06-04 17:45:22,091 [1] INFO  Photon.SocketServer.ApplicationBase - Application start: AppId=NameServer; AppPath=E:\external_projects\purple-team\photon-server-sdk_v5-0-12-24499-rc1\deploy\NameServer, Type=Photon.NameServer.PhotonApp 
2021-06-04 17:45:22,091 [1] INFO  Photon.SocketServer.ApplicationBase - Using Server GC:True
2021-06-04 17:45:22,091 [1] INFO  Photon.SocketServer.ApplicationBase - Using GC LatencyMode:Interactive
